This is pdfTeX, Version 3.1415926-1.40.10 (TeX Live 2009/Debian) (format=pdflatex 2014.8.26)  27 AUG 2016 17:06
entering extended mode
 %&-line parsing enabled.
**NavidShokouhi_dissertation.tex
(./NavidShokouhi_dissertation.tex
LaTeX2e <2009/09/24>
Babel <v3.8l> and hyphenation patterns for english, usenglishmax, dumylang, noh
yphenation, farsi, arabic, croatian, bulgarian, ukrainian, russian, czech, slov
ak, danish, dutch, finnish, french, basque, ngerman, german, german-x-2009-06-1
9, ngerman-x-2009-06-19, ibycus, monogreek, greek, ancientgreek, hungarian, san
skrit, italian, latin, latvian, lithuanian, mongolian2a, mongolian, bokmal, nyn
orsk, romanian, irish, coptic, serbian, turkish, welsh, esperanto, uppersorbian
, estonian, indonesian, interlingua, icelandic, kurmanji, slovenian, polish, po
rtuguese, spanish, galician, catalan, swedish, ukenglish, loaded.
(./utdthesis.cls
Document Class: utdthesis 2013/11/15 v1.4 University of Texas at Dallas Thesis 
Class
(/usr/share/texmf-texlive/tex/latex/base/book.cls
Document Class: book 2007/10/19 v1.4h Standard LaTeX document class
(/usr/share/texmf-texlive/tex/latex/base/bk12.clo
File: bk12.clo 2007/10/19 v1.4h Standard LaTeX file (size option)
)
\c@part=\count79
\c@chapter=\count80
\c@section=\count81
\c@subsection=\count82
\c@subsubsection=\count83
\c@paragraph=\count84
\c@subparagraph=\count85
\c@figure=\count86
\c@table=\count87
\abovecaptionskip=\skip41
\belowcaptionskip=\skip42
\bibindent=\dimen102
)
(/usr/share/texmf-texlive/tex/latex/textcase/textcase.sty
Package: textcase 2004/10/07 v0.07 Text only upper/lower case changing (DPC)
)
\UTD@numchairs=\count88
LaTeX Info: Redefining \reset@font on input line 320.
\UTD@tempskip=\skip43
\baselineflex=\skip44
\UTD@blankline=\dimen103
\UTD@page=\count89
)
(/usr/share/texmf-texlive/tex/latex/microtype/microtype.sty
Package: microtype 2009/03/27 v2.3d Micro-typography with pdfTeX (RS)

(/usr/share/texmf-texlive/tex/latex/graphics/keyval.sty
Package: keyval 1999/03/16 v1.13 key=value parser (DPC)
\KV@toks@=\toks14
)
\MT@toks=\toks15
\MT@count=\count90
LaTeX Info: Redefining \lsstyle on input line 1608.
LaTeX Info: Redefining \lslig on input line 1608.
\MT@outer@space=\skip45
LaTeX Info: Redefining \textls on input line 1616.
\MT@outer@kern=\dimen104
LaTeX Info: Redefining \textmicrotypecontext on input line 2167.
Package microtype Info: Loading configuration file microtype.cfg.

(/usr/share/texmf-texlive/tex/latex/microtype/microtype.cfg
File: microtype.cfg 2009/03/27 v2.3d microtype main configuration file (RS)
))
(/usr/share/texmf-texlive/tex/latex/amsmath/amsmath.sty
Package: amsmath 2000/07/18 v2.13 AMS math features
\@mathmargin=\skip46

For additional information on amsmath, use the `?' option.
(/usr/share/texmf-texlive/tex/latex/amsmath/amstext.sty
Package: amstext 2000/06/29 v2.01

(/usr/share/texmf-texlive/tex/latex/amsmath/amsgen.sty
File: amsgen.sty 1999/11/30 v2.0
\@emptytoks=\toks16
\ex@=\dimen105
))
(/usr/share/texmf-texlive/tex/latex/amsmath/amsbsy.sty
Package: amsbsy 1999/11/29 v1.2d
\pmbraise@=\dimen106
)
(/usr/share/texmf-texlive/tex/latex/amsmath/amsopn.sty
Package: amsopn 1999/12/14 v2.01 operator names
)
\inf@bad=\count91
LaTeX Info: Redefining \frac on input line 211.
\uproot@=\count92
\leftroot@=\count93
LaTeX Info: Redefining \overline on input line 307.
\classnum@=\count94
\DOTSCASE@=\count95
LaTeX Info: Redefining \ldots on input line 379.
LaTeX Info: Redefining \dots on input line 382.
LaTeX Info: Redefining \cdots on input line 467.
\Mathstrutbox@=\box26
\strutbox@=\box27
\big@size=\dimen107
LaTeX Font Info:    Redeclaring font encoding OML on input line 567.
LaTeX Font Info:    Redeclaring font encoding OMS on input line 568.
\macc@depth=\count96
\c@MaxMatrixCols=\count97
\dotsspace@=\muskip10
\c@parentequation=\count98
\dspbrk@lvl=\count99
\tag@help=\toks17
\row@=\count100
\column@=\count101
\maxfields@=\count102
\andhelp@=\toks18
\eqnshift@=\dimen108
\alignsep@=\dimen109
\tagshift@=\dimen110
\tagwidth@=\dimen111
\totwidth@=\dimen112
\lineht@=\dimen113
\@envbody=\toks19
\multlinegap=\skip47
\multlinetaggap=\skip48
\mathdisplay@stack=\toks20
LaTeX Info: Redefining \[ on input line 2666.
LaTeX Info: Redefining \] on input line 2667.
)
(/usr/share/texmf-texlive/tex/latex/amsfonts/amssymb.sty
Package: amssymb 2009/06/22 v3.00

(/usr/share/texmf-texlive/tex/latex/amsfonts/amsfonts.sty
Package: amsfonts 2009/06/22 v3.00 Basic AMSFonts support
\symAMSa=\mathgroup4
\symAMSb=\mathgroup5
LaTeX Font Info:    Overwriting math alphabet `\mathfrak' in version `bold'
(Font)                  U/euf/m/n --> U/euf/b/n on input line 96.
))
(/usr/share/texmf-texlive/tex/latex/amscls/amsthm.sty
Package: amsthm 2004/08/06 v2.20
\thm@style=\toks21
\thm@bodyfont=\toks22
\thm@headfont=\toks23
\thm@notefont=\toks24
\thm@headpunct=\toks25
\thm@preskip=\skip49
\thm@postskip=\skip50
\thm@headsep=\skip51
\dth@everypar=\toks26
)
(/usr/share/texmf-texlive/tex/latex/graphics/graphicx.sty
Package: graphicx 1999/02/16 v1.0f Enhanced LaTeX Graphics (DPC,SPQR)

(/usr/share/texmf-texlive/tex/latex/graphics/graphics.sty
Package: graphics 2009/02/05 v1.0o Standard LaTeX Graphics (DPC,SPQR)

(/usr/share/texmf-texlive/tex/latex/graphics/trig.sty
Package: trig 1999/03/16 v1.09 sin cos tan (DPC)
)
(/etc/texmf/tex/latex/config/graphics.cfg
File: graphics.cfg 2009/08/28 v1.8 graphics configuration of TeX Live
)
Package graphics Info: Driver file: pdftex.def on input line 91.

(/usr/share/texmf-texlive/tex/latex/pdftex-def/pdftex.def
File: pdftex.def 2010/03/12 v0.04p Graphics/color for pdfTeX
\Gread@gobject=\count103
))
\Gin@req@height=\dimen114
\Gin@req@width=\dimen115
)
(/usr/share/texmf-texlive/tex/latex/ltxmisc/url.sty
\Urlmuskip=\muskip11
Package: url 2006/04/12  ver 3.3  Verb mode for urls, etc.
)
(/usr/share/texmf-texlive/tex/latex/natbib/natbib.sty
Package: natbib 2009/07/16 8.31 (PWD, AO)
\bibhang=\skip52
\bibsep=\skip53
LaTeX Info: Redefining \cite on input line 694.
\c@NAT@ctr=\count104
)
(/usr/share/texmf-texlive/tex/latex/caption/subcaption.sty
Package: subcaption 2008/08/31 v1.0b Adding subcaptions (AR)


! Package subcaption Error: `caption' package not loaded
(subcaption)                (which is needed by this package)

See the subcaption package documentation for explanation.
Type  H <return>  for immediate help.
 ...                                              
                                                  
l.38   \endinput}{}
                   
If you do not understand this error, please take a closer look
at the documentation of the `subcaption' package.
Try typing  <return>  to proceed.
If that doesn't work, type  X <return>  to quit.

) (/usr/share/texmf-texlive/tex/latex/rotating/rotating.sty
Package: rotating 2009/03/28 v2.16a rotated objects in LaTeX

(/usr/share/texmf-texlive/tex/latex/base/ifthen.sty
Package: ifthen 2001/05/26 v1.1c Standard LaTeX ifthen package (DPC)
)
\c@r@tfl@t=\count105
\rotFPtop=\skip54
\rotFPbot=\skip55
\rot@float@box=\box28
\rot@mess@toks=\toks27
)
(/usr/share/texmf-texlive/tex/generic/oberdiek/ifpdf.sty
Package: ifpdf 2009/04/10 v2.0 Provides the ifpdf switch (HO)
Package ifpdf Info: pdfTeX in pdf mode detected.
)
(/usr/share/texmf-texlive/tex/latex/hyperref/hyperref.sty
Package: hyperref 2009/10/09 v6.79a Hypertext links for LaTeX

(/usr/share/texmf-texlive/tex/generic/oberdiek/ifvtex.sty
Package: ifvtex 2008/11/04 v1.4 Switches for detecting VTeX and its modes (HO)
Package ifvtex Info: VTeX not detected.
)
(/usr/share/texmf-texlive/tex/generic/ifxetex/ifxetex.sty
Package: ifxetex 2009/01/23 v0.5 Provides ifxetex conditional
)
(/usr/share/texmf-texlive/tex/latex/oberdiek/hycolor.sty
Package: hycolor 2009/10/02 v1.5 Code for color options of hyperref/bookmark (H
O)

(/usr/share/texmf-texlive/tex/latex/oberdiek/xcolor-patch.sty
Package: xcolor-patch 2009/10/02 xcolor patch
))
\@linkdim=\dimen116
\Hy@linkcounter=\count106
\Hy@pagecounter=\count107

(/usr/share/texmf-texlive/tex/latex/hyperref/pd1enc.def
File: pd1enc.def 2009/10/09 v6.79a Hyperref: PDFDocEncoding definition (HO)
)
(/usr/share/texmf-texlive/tex/generic/oberdiek/etexcmds.sty
Package: etexcmds 2007/12/12 v1.2 Prefix for e-TeX command names (HO)

(/usr/share/texmf-texlive/tex/generic/oberdiek/infwarerr.sty
Package: infwarerr 2007/09/09 v1.2 Providing info/warning/message (HO)
)
Package etexcmds Info: Could not find \expanded.
(etexcmds)             That can mean that you are not using pdfTeX 1.50 or
(etexcmds)             that some package has redefined \expanded.
(etexcmds)             In the latter case, load this package earlier.
)
(/usr/share/texmf-texlive/tex/latex/latexconfig/hyperref.cfg
File: hyperref.cfg 2002/06/06 v1.2 hyperref configuration of TeXLive
)
(/usr/share/texmf-texlive/tex/latex/oberdiek/kvoptions.sty
Package: kvoptions 2009/08/13 v3.4 Keyval support for LaTeX options (HO)

(/usr/share/texmf-texlive/tex/generic/oberdiek/kvsetkeys.sty
Package: kvsetkeys 2009/07/30 v1.5 Key value parser with default handler suppor
t (HO)
))
Package hyperref Info: Hyper figures OFF on input line 2975.
Package hyperref Info: Link nesting OFF on input line 2980.
Package hyperref Info: Hyper index ON on input line 2983.
Package hyperref Info: Plain pages OFF on input line 2990.
Package hyperref Info: Backreferencing OFF on input line 2995.

Implicit mode ON; LaTeX internals redefined
Package hyperref Info: Bookmarks ON on input line 3191.
LaTeX Info: Redefining \url on input line 3428.
(/usr/share/texmf-texlive/tex/generic/oberdiek/bitset.sty
Package: bitset 2007/09/28 v1.0 Data type bit set (HO)

(/usr/share/texmf-texlive/tex/generic/oberdiek/intcalc.sty
Package: intcalc 2007/09/27 v1.1 Expandable integer calculations (HO)
)
(/usr/share/texmf-texlive/tex/generic/oberdiek/bigintcalc.sty
Package: bigintcalc 2007/11/11 v1.1 Expandable big integer calculations (HO)

(/usr/share/texmf-texlive/tex/generic/oberdiek/pdftexcmds.sty
Package: pdftexcmds 2009/09/23 v0.6 LuaTeX support for pdfTeX utility functions
 (HO)

(/usr/share/texmf-texlive/tex/generic/oberdiek/ifluatex.sty
Package: ifluatex 2009/04/17 v1.2 Provides the ifluatex switch (HO)
Package ifluatex Info: LuaTeX not detected.
)
(/usr/share/texmf-texlive/tex/generic/oberdiek/ltxcmds.sty
Package: ltxcmds 2009/08/05 v1.0 Some LaTeX kernel commands for general use (HO
)
)
Package pdftexcmds Info: LuaTeX not detected.
Package pdftexcmds Info: \pdf@primitive is available.
Package pdftexcmds Info: \pdf@ifprimitive is available.
)))
\Fld@menulength=\count108
\Field@Width=\dimen117
\Fld@charsize=\dimen118
\Field@toks=\toks28
Package hyperref Info: Hyper figures OFF on input line 4377.
Package hyperref Info: Link nesting OFF on input line 4382.
Package hyperref Info: Hyper index ON on input line 4385.
Package hyperref Info: backreferencing OFF on input line 4392.
Package hyperref Info: Link coloring OFF on input line 4397.
Package hyperref Info: Link coloring with OCG OFF on input line 4402.
Package hyperref Info: PDF/A mode OFF on input line 4407.

(/usr/share/texmf-texlive/tex/generic/oberdiek/atbegshi.sty
Package: atbegshi 2008/07/31 v1.9 At begin shipout hook (HO)
)
\Hy@abspage=\count109
\c@Item=\count110
\c@Hfootnote=\count111
)
*hyperref using default driver hpdftex*
(/usr/share/texmf-texlive/tex/latex/hyperref/hpdftex.def
File: hpdftex.def 2009/10/09 v6.79a Hyperref driver for pdfTeX
\Fld@listcount=\count112
)
(./NavidShokouhi_dissertation.aux (./chapters/introduction.aux)
(./chapters/background.aux) (./chapters/frontend_sp.aux

LaTeX Warning: Label `eq:RF1' multiply defined.


LaTeX Warning: Label `eq:kurtosis' multiply defined.


LaTeX Warning: Label `fig:pykno_blockdiag' multiply defined.

) (./chapters/backend_modeling.aux) (./chapters/speaker_diarization.aux))
\openout1 = `NavidShokouhi_dissertation.aux'.

LaTeX Font Info:    Checking defaults for OML/cmm/m/it on input line 96.
LaTeX Font Info:    ... okay on input line 96.
LaTeX Font Info:    Checking defaults for T1/cmr/m/n on input line 96.
LaTeX Font Info:    ... okay on input line 96.
LaTeX Font Info:    Checking defaults for OT1/cmr/m/n on input line 96.
LaTeX Font Info:    ... okay on input line 96.
LaTeX Font Info:    Checking defaults for OMS/cmsy/m/n on input line 96.
LaTeX Font Info:    ... okay on input line 96.
LaTeX Font Info:    Checking defaults for OMX/cmex/m/n on input line 96.
LaTeX Font Info:    ... okay on input line 96.
LaTeX Font Info:    Checking defaults for U/cmr/m/n on input line 96.
LaTeX Font Info:    ... okay on input line 96.
LaTeX Font Info:    Checking defaults for PD1/pdf/m/n on input line 96.
LaTeX Font Info:    ... okay on input line 96.

(/usr/share/texmf-texlive/tex/context/base/supp-pdf.mkii
[Loading MPS to PDF converter (version 2006.09.02).]
\scratchcounter=\count113
\scratchdimen=\dimen119
\scratchbox=\box29
\nofMPsegments=\count114
\nofMParguments=\count115
\everyMPshowfont=\toks29
\MPscratchCnt=\count116
\MPscratchDim=\dimen120
\MPnumerator=\count117
\everyMPtoPDFconversion=\toks30
)
Package hyperref Info: Link coloring OFF on input line 96.
 (/usr/share/texmf-texlive/tex/latex/hyperref/nameref.sty
Package: nameref 2007/05/29 v2.31 Cross-referencing by name of section

(/usr/share/texmf-texlive/tex/latex/oberdiek/refcount.sty
Package: refcount 2008/08/11 v3.1 Data extraction from references (HO)
)
\c@section@level=\count118
)
LaTeX Info: Redefining \ref on input line 96.
LaTeX Info: Redefining \pageref on input line 96.

(./NavidShokouhi_dissertation.out) (./NavidShokouhi_dissertation.out)
\@outlinefile=\write3
\openout3 = `NavidShokouhi_dissertation.out'.

\AtBeginShipoutBox=\box30
 [1



{/var/lib/texmf/fonts/map/pdftex/updmap/pdftex.map}] [2

] [3


]

Package hyperref Warning: No destination for bookmark of \addcontentsline,
(hyperref)                destination is added on input line 111.

[4


] [5



] [6


] (./NavidShokouhi_dissertation.toc
LaTeX Font Info:    Try loading font information for U+msa on input line 1.

(/usr/share/texmf-texlive/tex/latex/amsfonts/umsa.fd
File: umsa.fd 2009/06/22 v3.00 AMS symbols A
)
LaTeX Font Info:    Try loading font information for U+msb on input line 1.

(/usr/share/texmf-texlive/tex/latex/amsfonts/umsb.fd
File: umsb.fd 2009/06/22 v3.00 AMS symbols B
))
\tf@toc=\write4
\openout4 = `NavidShokouhi_dissertation.toc'.

 [7


]
(./NavidShokouhi_dissertation.lof [8

])
\tf@lof=\write5
\openout5 = `NavidShokouhi_dissertation.lof'.

 [9] (./NavidShokouhi_dissertation.lot)
\tf@lot=\write6
\openout6 = `NavidShokouhi_dissertation.lot'.


[10

]
\openout2 = `chapters/introduction.aux'.

 (./chapters/introduction.tex
Chapter 1.

LaTeX Warning: Reference `fig:cochannel_vs_overlap' on page 1 undefined on inpu
t line 10.

Missing character: There is no ‚ in font cmr12!
Missing character: There is no Ä in font cmr12!
Missing character: There is no ô in font cmr12!
Missing character: There is no ‚ in font cmr12!
Missing character: There is no Ä in font cmr12!
Missing character: There is no ô in font cmr12!
[1



]) [2] [3]
\openout2 = `chapters/background.aux'.


No file chapters/background.tex.
\openout2 = `chapters/frontend_sp.aux'.

(./chapters/frontend_sp.tex
<figures/CRSS_logo.png, id=230, 826.08624pt x 661.47125pt>
File: figures/CRSS_logo.png Graphic file (type png)

<use figures/CRSS_logo.png>
Underfull \hbox (badness 10000) in paragraph at lines 17--21

 []


Overfull \hbox (2.61107pt too wide) in paragraph at lines 8--24
[]$ $[]$
 []


Underfull \hbox (badness 10000) in paragraph at lines 8--24

 []


Package natbib Warning: Citation `morgan_cochannel' on page 4 undefined on inpu
t line 30.


Package natbib Warning: Citation `Quat_Dan_cch_sup' on page 4 undefined on inpu
t line 31.


Package natbib Warning: Citation `Chazan_93' on page 4 undefined on input line 
31.


Package natbib Warning: Citation `cooke20101' on page 4 undefined on input line
 31.


Package natbib Warning: Citation `yantorno_report' on page 4 undefined on input
 line 33.


Package natbib Warning: Citation `shokouhi2015' on page 4 undefined on input li
ne 34.


Package natbib Warning: Citation `boakye_icassp_08' on page 4 undefined on inpu
t line 35.


Package natbib Warning: Citation `zelenak12Trans' on page 4 undefined on input 
line 35.


Package natbib Warning: Citation `yantorno_report' on page 4 undefined on input
 line 41.


Package natbib Warning: Citation `yantorno_report' on page 4 undefined on input
 line 41.

<figures/overlap_detection_applications.pdf, id=233, 963.6pt x 542.025pt>
File: figures/overlap_detection_applications.pdf Graphic file (type pdf)

<use figures/overlap_detection_applications.pdf> [4




]

Package natbib Warning: Citation `nav_icassp13' on page 5 undefined on input li
ne 60.


Package natbib Warning: Citation `smolenski_tut' on page 5 undefined on input l
ine 60.


Package natbib Warning: Citation `sapvr_2000' on page 5 undefined on input line
 62.


Package natbib Warning: Citation `nav_icassp13' on page 5 undefined on input li
ne 63.


Package natbib Warning: Citation `appc2001' on page 5 undefined on input line 6
5.


Package natbib Warning: Citation `Dwang_03_trans' on page 5 undefined on input 
line 66.


Package natbib Warning: Citation `Dwang_03' on page 5 undefined on input line 6
6.


Package natbib Warning: Citation `Dwang_03_trans' on page 5 undefined on input 
line 68.


Package natbib Warning: Citation `Wrigley_05' on page 5 undefined on input line
 70.


Package natbib Warning: Citation `boakye_thesis' on page 5 undefined on input l
ine 71.


Package natbib Warning: Citation `giuliani_meeting' on page 5 undefined on inpu
t line 75.

[5]

Package natbib Warning: Citation `maragos_kaiser_quatieri' on page 6 undefined 
on input line 80.


Package natbib Warning: Citation `kaiser_teopaper' on page 6 undefined on input
 line 80.


Package natbib Warning: Citation `maragos_kaiser_quatieri' on page 6 undefined 
on input line 80.


Package natbib Warning: Citation `maragos_instantaneousenergy' on page 6 undefi
ned on input line 81.


Package natbib Warning: Citation `maragos_instantaneousenergy' on page 6 undefi
ned on input line 82.


Package natbib Warning: Citation `maragos_kaiser_quatieri' on page 6 undefined 
on input line 83.


Package natbib Warning: Citation `Litvin2010' on page 6 undefined on input line
 83.


Package natbib Warning: Citation `Linicassp95' on page 6 undefined on input lin
e 84.


Package natbib Warning: Citation `hu12_nullspacepersuit' on page 6 undefined on
 input line 84.


Package natbib Warning: Citation `santhanam_maragos_2000' on page 6 undefined o
n input line 84.


Package natbib Warning: Citation `boakye_thesis' on page 6 undefined on input l
ine 97.


Package natbib Warning: Citation `yantorno_report' on page 6 undefined on input
 line 97.


Package natbib Warning: Citation `yantorno_report' on page 6 undefined on input
 line 102.


Package natbib Warning: Citation `Boakye_is_08' on page 6 undefined on input li
ne 103.

[6]

Package natbib Warning: Citation `potamianos_maragos_icassp95' on page 7 undefi
ned on input line 108.


Package natbib Warning: Citation `potamianos_maragos_jasa96' on page 7 undefine
d on input line 108.


Package natbib Warning: Citation `maragos_kaiser_quatieri' on page 7 undefined 
on input line 108.


Package natbib Warning: Citation `potamianos_maragos_jasa96' on page 7 undefine
d on input line 108.


Package natbib Warning: Citation `potamianos_maragos_jasa96' on page 7 undefine
d on input line 113.


Package natbib Warning: Citation `maragos_kaiser_quatieri' on page 7 undefined 
on input line 114.


Package natbib Warning: Citation `potamianos_maragos_jasa96' on page 7 undefine
d on input line 116.


Package natbib Warning: Citation `maragos_kaiser_quatieri' on page 7 undefined 
on input line 117.

[7]

! LaTeX Error: Environment subfigure undefined.

See the LaTeX manual or LaTeX Companion for explanation.
Type  H <return>  for immediate help.
 ...                                              
                                                  
l.150 	\begin{subfigure}
                        [b]{3.5in}
Your command was ignored.
Type  I <command> <return>  to replace it with another command,
or  <return>  to continue without it.

<figures/teo_signal.pdf, id=262, 578.16pt x 252.945pt>
File: figures/teo_signal.pdf Graphic file (type pdf)

<use figures/teo_signal.pdf>

! LaTeX Error: \begin{figure} on input line 146 ended by \end{subfigure}.

See the LaTeX manual or LaTeX Companion for explanation.
Type  H <return>  for immediate help.
 ...                                              
                                                  
l.152 	\end{subfigure}
                      
Your command was ignored.
Type  I <command> <return>  to replace it with another command,
or  <return>  to continue without it.


! LaTeX Error: Environment subfigure undefined.

See the LaTeX manual or LaTeX Companion for explanation.
Type  H <return>  for immediate help.
 ...                                              
                                                  
l.155 	\begin{subfigure}
                        [b]{3.5in}
Your command was ignored.
Type  I <command> <return>  to replace it with another command,
or  <return>  to continue without it.

<figures/teo_amp.pdf, id=264, 578.16pt x 252.945pt>
File: figures/teo_amp.pdf Graphic file (type pdf)
 <use figures/teo_amp.pdf>

! LaTeX Error: \begin{figure} on input line 146 ended by \end{subfigure}.

See the LaTeX manual or LaTeX Companion for explanation.
Type  H <return>  for immediate help.
 ...                                              
                                                  
l.157 	\end{subfigure}
                      
Your command was ignored.
Type  I <command> <return>  to replace it with another command,
or  <return>  to continue without it.


! LaTeX Error: Environment subfigure undefined.

See the LaTeX manual or LaTeX Companion for explanation.
Type  H <return>  for immediate help.
 ...                                              
                                                  
l.161 	\begin{subfigure}
                        [b]{3.5in}
Your command was ignored.
Type  I <command> <return>  to replace it with another command,
or  <return>  to continue without it.

<figures/teo_freq.pdf, id=266, 578.16pt x 252.945pt>
File: figures/teo_freq.pdf Graphic file (type pdf)

<use figures/teo_freq.pdf>

! LaTeX Error: \begin{figure} on input line 146 ended by \end{subfigure}.

See the LaTeX manual or LaTeX Companion for explanation.
Type  H <return>  for immediate help.
 ...                                              
                                                  
l.164 	\end{subfigure}
                      
Your command was ignored.
Type  I <command> <return>  to replace it with another command,
or  <return>  to continue without it.


Package natbib Warning: Citation `cohenlee90' on page 8 undefined on input line
 171.

[8]

Package natbib Warning: Citation `potamianos_maragos_jasa96' on page 9 undefine
d on input line 195.


Package natbib Warning: Citation `potamianos_maragos_jasa96' on page 9 undefine
d on input line 213.

[9]

pdfTeX warning: /usr/bin/pdflatex (file ./figures/pyknogram_blockdiagram.pdf): 
PDF inclusion: found PDF version <1.5>, but at most version <1.4> allowed
<figures/pyknogram_blockdiagram.pdf, id=300, 1517.67pt x 505.89pt>
File: figures/pyknogram_blockdiagram.pdf Graphic file (type pdf)

<use figures/pyknogram_blockdiagram.pdf> [10]

pdfTeX warning: /usr/bin/pdflatex (file ./figures/pyknogram_vs_spectrogram.pdf)
: PDF inclusion: found PDF version <1.5>, but at most version <1.4> allowed
<figures/pyknogram_vs_spectrogram.pdf, id=309, 722.7pt x 542.025pt>
File: figures/pyknogram_vs_spectrogram.pdf Graphic file (type pdf)

<use figures/pyknogram_vs_spectrogram.pdf>

LaTeX Warning: `!h' float specifier changed to `!ht'.


Package natbib Warning: Citation `Rossignol_spectralflux' on page 11 undefined 
on input line 275.

<figures/co-channel_pyknogram-crop.pdf, id=312, 257.96375pt x 250.9375pt>
File: figures/co-channel_pyknogram-crop.pdf Graphic file (type pdf)

<use figures/co-channel_pyknogram-crop.pdf>

LaTeX Warning: `!h' float specifier changed to `!ht'.


Package natbib Warning: Citation `SSC_link' on page 11 undefined on input line 
301.

[11]

pdfTeX warning: /usr/bin/pdflatex (file ./figures/compare_pframe_pfile_hists.pd
f): PDF inclusion: found PDF version <1.5>, but at most version <1.4> allowed
<figures/compare_pframe_pfile_hists.pdf, id=327, 614.295pt x 722.7pt>
File: figures/compare_pframe_pfile_hists.pdf Graphic file (type pdf)

<use figures/compare_pframe_pfile_hists.pdf>

LaTeX Warning: `!h' float specifier changed to `!ht'.

[12]

Package natbib Warning: Citation `nav_icassp13' on page 13 undefined on input l
ine 354.


Package natbib Warning: Citation `boakye_thesis' on page 13 undefined on input 
line 354.


Package natbib Warning: Citation `sapvr_2000' on page 13 undefined on input lin
e 354.

LaTeX Font Info:    Try loading font information for OMS+cmr on input line 362.

(/usr/share/texmf-texlive/tex/latex/base/omscmr.fd
File: omscmr.fd 1999/05/25 v2.5h Standard LaTeX font definitions
)
LaTeX Font Info:    Font shape `OMS/cmr/m/n' in size <12> not available
(Font)              Font shape `OMS/cmsy/m/n' tried instead on input line 362.


Package natbib Warning: Citation `Wrigley_05' on page 13 undefined on input lin
e 362.


Package natbib Warning: Citation `boakye_thesis' on page 13 undefined on input 
line 362.


Package natbib Warning: Citation `temple_kurtosis' on page 13 undefined on inpu
t line 362.


Package natbib Warning: Citation `leblanc_deleon98' on page 13 undefined on inp
ut line 363.


Package natbib Warning: Citation `nav_icassp13' on page 13 undefined on input l
ine 371.

[13]

Package natbib Warning: Citation `sapvr_2000' on page 14 undefined on input lin
e 378.


Package natbib Warning: Citation `cooke20101' on page 14 undefined on input lin
e 382.


Package natbib Warning: Citation `cooke20101' on page 14 undefined on input lin
e 383.


Package natbib Warning: Citation `cooke_JASA_SSCD' on page 14 undefined on inpu
t line 385.

LaTeX Font Info:    Try loading font information for OML+cmr on input line 388.

(/usr/share/texmf-texlive/tex/latex/base/omlcmr.fd
File: omlcmr.fd 1999/05/25 v2.5h Standard LaTeX font definitions
)
LaTeX Font Info:    Font shape `OML/cmr/bx/n' in size <10.95> not available
(Font)              Font shape `OML/cmm/b/it' tried instead on input line 388.

Underfull \hbox (badness 10000) in paragraph at lines 382--391

 []


Underfull \hbox (badness 10000) in paragraph at lines 382--391

 []

Missing character: There is no ‚ in font cmr12!
Missing character: There is no à in font cmr12!
Missing character: There is no í in font cmr12!
Missing character: There is no ‚ in font cmr12!
Missing character: There is no à in font cmr12!
Missing character: There is no í in font cmr12!
Missing character: There is no ‚ in font cmr12!
Missing character: There is no à in font cmr12!
Missing character: There is no í in font cmr12!

Package natbib Warning: Citation `SSC_link' on page 14 undefined on input line 
396.

[14]
<figures/GRID_example_overlap-crop.pdf, id=348, 653.44125pt x 229.85875pt>
File: figures/GRID_example_overlap-crop.pdf Graphic file (type pdf)

<use figures/GRID_example_overlap-crop.pdf>

LaTeX Warning: `!h' float specifier changed to `!ht'.

[15] <figures/ovldet_vs_sir.png, id=356, 992.70876pt x 546.04pt>
File: figures/ovldet_vs_sir.png Graphic file (type png)

<use figures/ovldet_vs_sir.png>

LaTeX Warning: `!h' float specifier changed to `!ht'.

[16]

pdfTeX warning: /usr/bin/pdflatex (file ./figures/eer_vs_time.pdf): PDF inclusi
on: found PDF version <1.5>, but at most version <1.4> allowed
<figures/eer_vs_time.pdf, id=363, 722.7pt x 542.025pt>
File: figures/eer_vs_time.pdf Graphic file (type pdf)

<use figures/eer_vs_time.pdf>

LaTeX Warning: `!h' float specifier changed to `!ht'.


Package natbib Warning: Citation `cooke20101' on page 17 undefined on input lin
e 494.

Missing character: There is no ‚ in font cmr12!
Missing character: There is no Ä in font cmr12!
Missing character: There is no ú in font cmr12!
Missing character: There is no ‚ in font cmr12!
Missing character: There is no Ä in font cmr12!
Missing character: There is no ù in font cmr12!

Package natbib Warning: Citation `Shriberg01observationson' on page 17 undefine
d on input line 494.

[17]

Package natbib Warning: Citation `msridentity' on page 18 undefined on input li
ne 500.


! LaTeX Error: Environment subfigure undefined.

See the LaTeX manual or LaTeX Companion for explanation.
Type  H <return>  for immediate help.
 ...                                              
                                                  
l.514 	\begin{subfigure}
                        [t]{0.5\textwidth}
Your command was ignored.
Type  I <command> <return>  to replace it with another command,
or  <return>  to continue without it.

! Missing number, treated as zero.
<to be read again> 
                   }
l.514 	\begin{subfigure}[t]{0.5\textwidth}
                                          
A number should have been here; I inserted `0'.
(If you can't figure out why I needed to see a number,
look up `weird error' in the index to The TeXbook.)

! Illegal unit of measure (pt inserted).
<to be read again> 
                   }
l.514 	\begin{subfigure}[t]{0.5\textwidth}
                                          
Dimensions can be in units of em, ex, in, pt, pc,
cm, mm, dd, cc, nd, nc, bp, or sp; but yours is a new one!
I'll assume that you meant to say pt, for printer's points.
To recover gracefully from this error, it's best to
delete the erroneous units; e.g., type `2' to delete
two letters. (See Chapter 27 of The TeXbook.)

<figures/sidingrid_ovlintest.png, id=371, 782.925pt x 543.02875pt>
File: figures/sidingrid_ovlintest.png Graphic file (type png)

<use figures/sidingrid_ovlintest.png>

! LaTeX Error: \begin{figure*} on input line 512 ended by \end{subfigure}.

See the LaTeX manual or LaTeX Companion for explanation.
Type  H <return>  for immediate help.
 ...                                              
                                                  
l.519 	\end{subfigure}
                      %
Your command was ignored.
Type  I <command> <return>  to replace it with another command,
or  <return>  to continue without it.


! LaTeX Error: Environment subfigure undefined.

See the LaTeX manual or LaTeX Companion for explanation.
Type  H <return>  for immediate help.
 ...                                              
                                                  
l.522 	\begin{subfigure}
                        [t]{0.5\textwidth}
Your command was ignored.
Type  I <command> <return>  to replace it with another command,
or  <return>  to continue without it.

! Missing number, treated as zero.
<to be read again> 
                   }
l.522 	\begin{subfigure}[t]{0.5\textwidth}
                                          
A number should have been here; I inserted `0'.
(If you can't figure out why I needed to see a number,
look up `weird error' in the index to The TeXbook.)

! Illegal unit of measure (pt inserted).
<to be read again> 
                   }
l.522 	\begin{subfigure}[t]{0.5\textwidth}
                                          
Dimensions can be in units of em, ex, in, pt, pc,
cm, mm, dd, cc, nd, nc, bp, or sp; but yours is a new one!
I'll assume that you meant to say pt, for printer's points.
To recover gracefully from this error, it's best to
delete the erroneous units; e.g., type `2' to delete
two letters. (See Chapter 27 of The TeXbook.)

<figures/sidingrid_ovlintrain.png, id=372, 782.925pt x 543.02875pt>
File: figures/sidingrid_ovlintrain.png Graphic file (type png)

<use figures/sidingrid_ovlintrain.png>

! LaTeX Error: \begin{figure*} on input line 512 ended by \end{subfigure}.

See the LaTeX manual or LaTeX Companion for explanation.
Type  H <return>  for immediate help.
 ...                                              
                                                  
l.527 	\end{subfigure}
                      
Your command was ignored.
Type  I <command> <return>  to replace it with another command,
or  <return>  to continue without it.


LaTeX Warning: Float too large for page by 197.82997pt on input line 531.

[18]

! LaTeX Error: Environment subfigure undefined.

See the LaTeX manual or LaTeX Companion for explanation.
Type  H <return>  for immediate help.
 ...                                              
                                                  
l.537 	\begin{subfigure}
                        [b]{0.3\textwidth}
Your command was ignored.
Type  I <command> <return>  to replace it with another command,
or  <return>  to continue without it.

! Missing number, treated as zero.
<to be read again> 
                   }
l.537 	\begin{subfigure}[b]{0.3\textwidth}
                                          
A number should have been here; I inserted `0'.
(If you can't figure out why I needed to see a number,
look up `weird error' in the index to The TeXbook.)

! Illegal unit of measure (pt inserted).
<to be read again> 
                   }
l.537 	\begin{subfigure}[b]{0.3\textwidth}
                                          
Dimensions can be in units of em, ex, in, pt, pc,
cm, mm, dd, cc, nd, nc, bp, or sp; but yours is a new one!
I'll assume that you meant to say pt, for printer's points.
To recover gracefully from this error, it's best to
delete the erroneous units; e.g., type `2' to delete
two letters. (See Chapter 27 of The TeXbook.)


<figures/sidingrid_ovlintrainvstest_male_rev1.pdf, id=377, 792.06013pt x 538.18
956pt>
File: figures/sidingrid_ovlintrainvstest_male_rev1.pdf Graphic file (type pdf)
 <use figures/sidingrid_ovlintrainvstest_male_rev1.pdf>
Overfull \hbox (312.58044pt too wide) in paragraph at lines 537--539
[]\OT1/cmr/m/n/12 [b]0.3 [] 
 []


! LaTeX Error: \begin{figure} on input line 534 ended by \end{subfigure}.

See the LaTeX manual or LaTeX Companion for explanation.
Type  H <return>  for immediate help.
 ...                                              
                                                  
l.541 	\end{subfigure}
                      
Your command was ignored.
Type  I <command> <return>  to replace it with another command,
or  <return>  to continue without it.


! LaTeX Error: Environment subfigure undefined.

See the LaTeX manual or LaTeX Companion for explanation.
Type  H <return>  for immediate help.
 ...                                              
                                                  
l.542 	\begin{subfigure}
                        [b]{0.3\textwidth}
Your command was ignored.
Type  I <command> <return>  to replace it with another command,
or  <return>  to continue without it.

! Missing number, treated as zero.
<to be read again> 
                   }
l.542 	\begin{subfigure}[b]{0.3\textwidth}
                                          
A number should have been here; I inserted `0'.
(If you can't figure out why I needed to see a number,
look up `weird error' in the index to The TeXbook.)

! Illegal unit of measure (pt inserted).
<to be read again> 
                   }
l.542 	\begin{subfigure}[b]{0.3\textwidth}
                                          
Dimensions can be in units of em, ex, in, pt, pc,
cm, mm, dd, cc, nd, nc, bp, or sp; but yours is a new one!
I'll assume that you meant to say pt, for printer's points.
To recover gracefully from this error, it's best to
delete the erroneous units; e.g., type `2' to delete
two letters. (See Chapter 27 of The TeXbook.)


<figures/sidingrid_ovlintrainvstest_female_rev1.pdf, id=378, 790.03836pt x 532.
45047pt>
File: figures/sidingrid_ovlintrainvstest_female_rev1.pdf Graphic file (type pdf
)
 <use figures/sidingrid_ovlintrainvstest_female_rev1.pdf>
Overfull \hbox (644.00462pt too wide) in paragraph at lines 542--545
[]\OT1/cmr/m/n/12 [b]0.3   [] 
 []


! LaTeX Error: \begin{figure} on input line 534 ended by \end{subfigure}.

See the LaTeX manual or LaTeX Companion for explanation.
Type  H <return>  for immediate help.
 ...                                              
                                                  
l.547 	\end{subfigure}
                      
Your command was ignored.
Type  I <command> <return>  to replace it with another command,
or  <return>  to continue without it.


Package natbib Warning: Citation `bosaris' on page 19 undefined on input line 5
69.


Package natbib Warning: Citation `qual_sid_13' on page 19 undefined on input li
ne 569.


Package natbib Warning: Citation `qual_sid_13' on page 19 undefined on input li
ne 570.


Package natbib Warning: Citation `CRSSSRE12' on page 19 undefined on input line
 570.

[19]

Package natbib Warning: Citation `bosaris' on page 20 undefined on input line 5
75.


Package natbib Warning: Citation `ietqstack' on page 20 undefined on input line
 575.


Package natbib Warning: Citation `kelly2013' on page 20 undefined on input line
 575.


Package natbib Warning: Citation `ietqstack' on page 20 undefined on input line
 576.

! Undefined control sequence.
<recently read> \cellcolor 
                           
l.593 		\cellcolor
                  [HTML]{C0C0C0}{\color[HTML]{343434} } \checkmark &  &  &  ...
The control sequence at the end of the top line
of your error message was never \def'ed. If you have
misspelled it (e.g., `\hobx'), type `I' and the correct
spelling (e.g., `I\hbox'). Otherwise just continue,
and I'll forget about whatever was undefined.

! Undefined control sequence.
l.593 		\cellcolor[HTML]{C0C0C0}{\color
                                       [HTML]{343434} } \checkmark &  &  &  ...
The control sequence at the end of the top line
of your error message was never \def'ed. If you have
misspelled it (e.g., `\hobx'), type `I' and the correct
spelling (e.g., `I\hbox'). Otherwise just continue,
and I'll forget about whatever was undefined.

! Undefined control sequence.
<recently read> \cellcolor 
                           
l.594 		\cellcolor
                  [HTML]{C0C0C0} \checkmark & \cellcolor[HTML]{C0C0C0} \chec...
The control sequence at the end of the top line
of your error message was never \def'ed. If you have
misspelled it (e.g., `\hobx'), type `I' and the correct
spelling (e.g., `I\hbox'). Otherwise just continue,
and I'll forget about whatever was undefined.

! Undefined control sequence.
l.594 ...lor[HTML]{C0C0C0} \checkmark & \cellcolor
                                                  [HTML]{C0C0C0} \checkmark ...
The control sequence at the end of the top line
of your error message was never \def'ed. If you have
misspelled it (e.g., `\hobx'), type `I' and the correct
spelling (e.g., `I\hbox'). Otherwise just continue,
and I'll forget about whatever was undefined.

! Undefined control sequence.
<recently read> \cellcolor 
                           
l.595 		\cellcolor
                  [HTML]{C0C0C0} \checkmark &  & \cellcolor[HTML]{C0C0C0} \c...
The control sequence at the end of the top line
of your error message was never \def'ed. If you have
misspelled it (e.g., `\hobx'), type `I' and the correct
spelling (e.g., `I\hbox'). Otherwise just continue,
and I'll forget about whatever was undefined.

! Undefined control sequence.
l.595 ...[HTML]{C0C0C0} \checkmark &  & \cellcolor
                                                  [HTML]{C0C0C0} \checkmark ...
The control sequence at the end of the top line
of your error message was never \def'ed. If you have
misspelled it (e.g., `\hobx'), type `I' and the correct
spelling (e.g., `I\hbox'). Otherwise just continue,
and I'll forget about whatever was undefined.

! Undefined control sequence.
<recently read> \cellcolor 
                           
l.596 		\cellcolor
                  [HTML]{C0C0C0}{\color[HTML]{343434} } \checkmark &  &  & \...
The control sequence at the end of the top line
of your error message was never \def'ed. If you have
misspelled it (e.g., `\hobx'), type `I' and the correct
spelling (e.g., `I\hbox'). Otherwise just continue,
and I'll forget about whatever was undefined.

! Undefined control sequence.
l.596 		\cellcolor[HTML]{C0C0C0}{\color
                                       [HTML]{343434} } \checkmark &  &  & \...
The control sequence at the end of the top line
of your error message was never \def'ed. If you have
misspelled it (e.g., `\hobx'), type `I' and the correct
spelling (e.g., `I\hbox'). Otherwise just continue,
and I'll forget about whatever was undefined.

! Undefined control sequence.
l.596 ...]{343434} } \checkmark &  &  & \cellcolor
                                                  [HTML]{C0C0C0}{\color[HTML...
The control sequence at the end of the top line
of your error message was never \def'ed. If you have
misspelled it (e.g., `\hobx'), type `I' and the correct
spelling (e.g., `I\hbox'). Otherwise just continue,
and I'll forget about whatever was undefined.

! Undefined control sequence.
l.596 ...k &  &  & \cellcolor[HTML]{C0C0C0}{\color
                                                  [HTML]{343434} } \checkmar...
The control sequence at the end of the top line
of your error message was never \def'ed. If you have
misspelled it (e.g., `\hobx'), type `I' and the correct
spelling (e.g., `I\hbox'). Otherwise just continue,
and I'll forget about whatever was undefined.

! Undefined control sequence.
<recently read> \cellcolor 
                           
l.597 		\cellcolor
                  [HTML]{C0C0C0} \checkmark &  &  &  & \cellcolor[HTML]{C0C0...
The control sequence at the end of the top line
of your error message was never \def'ed. If you have
misspelled it (e.g., `\hobx'), type `I' and the correct
spelling (e.g., `I\hbox'). Otherwise just continue,
and I'll forget about whatever was undefined.

! Undefined control sequence.
l.597 ...{C0C0C0} \checkmark &  &  &  & \cellcolor
                                                  [HTML]{C0C0C0} \checkmark ...
The control sequence at the end of the top line
of your error message was never \def'ed. If you have
misspelled it (e.g., `\hobx'), type `I' and the correct
spelling (e.g., `I\hbox'). Otherwise just continue,
and I'll forget about whatever was undefined.

! Undefined control sequence.
<recently read> \cellcolor 
                           
l.598 		\cellcolor
                  [HTML]{C0C0C0}{\color[HTML]{343434} } \checkmark & \cellco...
The control sequence at the end of the top line
of your error message was never \def'ed. If you have
misspelled it (e.g., `\hobx'), type `I' and the correct
spelling (e.g., `I\hbox'). Otherwise just continue,
and I'll forget about whatever was undefined.

! Undefined control sequence.
l.598 		\cellcolor[HTML]{C0C0C0}{\color
                                       [HTML]{343434} } \checkmark & \cellco...
The control sequence at the end of the top line
of your error message was never \def'ed. If you have
misspelled it (e.g., `\hobx'), type `I' and the correct
spelling (e.g., `I\hbox'). Otherwise just continue,
and I'll forget about whatever was undefined.

! Undefined control sequence.
l.598 ...r[HTML]{343434} } \checkmark & \cellcolor
                                                  [HTML]{C0C0C0} \checkmark ...
The control sequence at the end of the top line
of your error message was never \def'ed. If you have
misspelled it (e.g., `\hobx'), type `I' and the correct
spelling (e.g., `I\hbox'). Otherwise just continue,
and I'll forget about whatever was undefined.

! Undefined control sequence.
l.598 ...lor[HTML]{C0C0C0} \checkmark & \cellcolor
                                                  [HTML]{C0C0C0}{\color[HTML...
The control sequence at the end of the top line
of your error message was never \def'ed. If you have
misspelled it (e.g., `\hobx'), type `I' and the correct
spelling (e.g., `I\hbox'). Otherwise just continue,
and I'll forget about whatever was undefined.

! Undefined control sequence.
l.598 ...eckmark & \cellcolor[HTML]{C0C0C0}{\color
                                                  [HTML]{343434} } \checkmar...
The control sequence at the end of the top line
of your error message was never \def'ed. If you have
misspelled it (e.g., `\hobx'), type `I' and the correct
spelling (e.g., `I\hbox'). Otherwise just continue,
and I'll forget about whatever was undefined.

! Undefined control sequence.
<recently read> \cellcolor 
                           
l.599 		\cellcolor
                  [HTML]{C0C0C0} \checkmark & \cellcolor[HTML]{C0C0C0} \chec...
The control sequence at the end of the top line
of your error message was never \def'ed. If you have
misspelled it (e.g., `\hobx'), type `I' and the correct
spelling (e.g., `I\hbox'). Otherwise just continue,
and I'll forget about whatever was undefined.

! Undefined control sequence.
l.599 ...lor[HTML]{C0C0C0} \checkmark & \cellcolor
                                                  [HTML]{C0C0C0} \checkmark ...
The control sequence at the end of the top line
of your error message was never \def'ed. If you have
misspelled it (e.g., `\hobx'), type `I' and the correct
spelling (e.g., `I\hbox'). Otherwise just continue,
and I'll forget about whatever was undefined.

! Undefined control sequence.
l.599 ...[HTML]{C0C0C0} \checkmark &  & \cellcolor
                                                  [HTML]{C0C0C0} \checkmark ...
The control sequence at the end of the top line
of your error message was never \def'ed. If you have
misspelled it (e.g., `\hobx'), type `I' and the correct
spelling (e.g., `I\hbox'). Otherwise just continue,
and I'll forget about whatever was undefined.

! Undefined control sequence.
<recently read> \cellcolor 
                           
l.600 		\cellcolor
                  [HTML]{C0C0C0} \checkmark & \cellcolor[HTML]{C0C0C0} \chec...
The control sequence at the end of the top line
of your error message was never \def'ed. If you have
misspelled it (e.g., `\hobx'), type `I' and the correct
spelling (e.g., `I\hbox'). Otherwise just continue,
and I'll forget about whatever was undefined.

! Undefined control sequence.
l.600 ...lor[HTML]{C0C0C0} \checkmark & \cellcolor
                                                  [HTML]{C0C0C0} \checkmark ...
The control sequence at the end of the top line
of your error message was never \def'ed. If you have
misspelled it (e.g., `\hobx'), type `I' and the correct
spelling (e.g., `I\hbox'). Otherwise just continue,
and I'll forget about whatever was undefined.

! Undefined control sequence.
l.600 ...ML]{C0C0C0} \checkmark &  &  & \cellcolor
                                                  [HTML]{C0C0C0} \checkmark ...
The control sequence at the end of the top line
of your error message was never \def'ed. If you have
misspelled it (e.g., `\hobx'), type `I' and the correct
spelling (e.g., `I\hbox'). Otherwise just continue,
and I'll forget about whatever was undefined.

! Undefined control sequence.
<recently read> \cellcolor 
                           
l.601 		\cellcolor
                  [HTML]{C0C0C0} \checkmark & \cellcolor[HTML]{C0C0C0} \chec...
The control sequence at the end of the top line
of your error message was never \def'ed. If you have
misspelled it (e.g., `\hobx'), type `I' and the correct
spelling (e.g., `I\hbox'). Otherwise just continue,
and I'll forget about whatever was undefined.

! Undefined control sequence.
l.601 ...lor[HTML]{C0C0C0} \checkmark & \cellcolor
                                                  [HTML]{C0C0C0} \checkmark ...
The control sequence at the end of the top line
of your error message was never \def'ed. If you have
misspelled it (e.g., `\hobx'), type `I' and the correct
spelling (e.g., `I\hbox'). Otherwise just continue,
and I'll forget about whatever was undefined.

! Undefined control sequence.
l.601 ...lor[HTML]{C0C0C0} \checkmark & \cellcolor
                                                  [HTML]{C0C0C0} \checkmark ...
The control sequence at the end of the top line
of your error message was never \def'ed. If you have
misspelled it (e.g., `\hobx'), type `I' and the correct
spelling (e.g., `I\hbox'). Otherwise just continue,
and I'll forget about whatever was undefined.

! Undefined control sequence.
l.601 ...lor[HTML]{C0C0C0} \checkmark & \cellcolor
                                                  [HTML]{C0C0C0} \checkmark ...
The control sequence at the end of the top line
of your error message was never \def'ed. If you have
misspelled it (e.g., `\hobx'), type `I' and the correct
spelling (e.g., `I\hbox'). Otherwise just continue,
and I'll forget about whatever was undefined.

! Undefined control sequence.
<recently read> \cellcolor 
                           
l.602 		\cellcolor
                  [HTML]{C0C0C0} \checkmark & \cellcolor[HTML]{C0C0C0} \chec...
The control sequence at the end of the top line
of your error message was never \def'ed. If you have
misspelled it (e.g., `\hobx'), type `I' and the correct
spelling (e.g., `I\hbox'). Otherwise just continue,
and I'll forget about whatever was undefined.

! Undefined control sequence.
l.602 ...lor[HTML]{C0C0C0} \checkmark & \cellcolor
                                                  [HTML]{C0C0C0} \checkmark ...
The control sequence at the end of the top line
of your error message was never \def'ed. If you have
misspelled it (e.g., `\hobx'), type `I' and the correct
spelling (e.g., `I\hbox'). Otherwise just continue,
and I'll forget about whatever was undefined.

! Undefined control sequence.
l.602 ...lor[HTML]{C0C0C0} \checkmark & \cellcolor
                                                  [HTML]{C0C0C0} \checkmark ...
The control sequence at the end of the top line
of your error message was never \def'ed. If you have
misspelled it (e.g., `\hobx'), type `I' and the correct
spelling (e.g., `I\hbox'). Otherwise just continue,
and I'll forget about whatever was undefined.

! Undefined control sequence.
l.602 ...lor[HTML]{C0C0C0} \checkmark & \cellcolor
                                                  [HTML]{FFFFFF} & \cellcolo...
The control sequence at the end of the top line
of your error message was never \def'ed. If you have
misspelled it (e.g., `\hobx'), type `I' and the correct
spelling (e.g., `I\hbox'). Otherwise just continue,
and I'll forget about whatever was undefined.

! Undefined control sequence.
l.602 ...k & \cellcolor[HTML]{FFFFFF} & \cellcolor
                                                  [HTML]{C0C0C0} \checkmark ...
The control sequence at the end of the top line
of your error message was never \def'ed. If you have
misspelled it (e.g., `\hobx'), type `I' and the correct
spelling (e.g., `I\hbox'). Otherwise just continue,
and I'll forget about whatever was undefined.

! Undefined control sequence.
<recently read> \cellcolor 
                           
l.603 		\cellcolor
                  [HTML]{C0C0C0} \checkmark & \cellcolor[HTML]{C0C0C0} \chec...
The control sequence at the end of the top line
of your error message was never \def'ed. If you have
misspelled it (e.g., `\hobx'), type `I' and the correct
spelling (e.g., `I\hbox'). Otherwise just continue,
and I'll forget about whatever was undefined.

! Undefined control sequence.
l.603 ...lor[HTML]{C0C0C0} \checkmark & \cellcolor
                                                  [HTML]{C0C0C0} \checkmark ...
The control sequence at the end of the top line
of your error message was never \def'ed. If you have
misspelled it (e.g., `\hobx'), type `I' and the correct
spelling (e.g., `I\hbox'). Otherwise just continue,
and I'll forget about whatever was undefined.

! Undefined control sequence.
l.603 ...lor[HTML]{C0C0C0} \checkmark & \cellcolor
                                                  [HTML]{C0C0C0} \checkmark ...
The control sequence at the end of the top line
of your error message was never \def'ed. If you have
misspelled it (e.g., `\hobx'), type `I' and the correct
spelling (e.g., `I\hbox'). Otherwise just continue,
and I'll forget about whatever was undefined.

! Undefined control sequence.
l.603 ...lor[HTML]{C0C0C0} \checkmark & \cellcolor
                                                  [HTML]{C0C0C0} \checkmark ...
The control sequence at the end of the top line
of your error message was never \def'ed. If you have
misspelled it (e.g., `\hobx'), type `I' and the correct
spelling (e.g., `I\hbox'). Otherwise just continue,
and I'll forget about whatever was undefined.

! Undefined control sequence.
l.603 ...lor[HTML]{C0C0C0} \checkmark & \cellcolor
                                                  [HTML]{C0C0C0} \checkmark ...
The control sequence at the end of the top line
of your error message was never \def'ed. If you have
misspelled it (e.g., `\hobx'), type `I' and the correct
spelling (e.g., `I\hbox'). Otherwise just continue,
and I'll forget about whatever was undefined.


Overfull \hbox (396.32198pt too wide) in paragraph at lines 590--605
[][] 
 []


Package natbib Warning: Citation `bosaris' on page 20 undefined on input line 6
15.

[20]) [21] [22] [23 <./figures/CRSS_logo.png> <./figures/overlap_detection_appl
ications.pdf>] [24 <./figures/teo_signal.pdf> <./figures/teo_amp.pdf> <./figure
s/teo_freq.pdf>] [25 <./figures/pyknogram_blockdiagram.pdf> <./figures/pyknogra
m_vs_spectrogram.pdf>] [26 <./figures/co-channel_pyknogram-crop.pdf> <./figures
/compare_pframe_pfile_hists.pdf>] [27 <./figures/GRID_example_overlap-crop.pdf>
 <./figures/ovldet_vs_sir.png>] [28 <./figures/eer_vs_time.pdf>] [29 <./figures
/sidingrid_ovlintest.png> <./figures/sidingrid_ovlintrain.png>] [30 <./figures/
sidingrid_ovlintrainvstest_male_rev1.pdf> <./figures/sidingrid_ovlintrainvstest
_female_rev1.pdf>]
\openout2 = `chapters/backend_modeling.aux'.


No file chapters/backend_modeling.tex.
\openout2 = `chapters/speaker_diarization.aux'.

No file chapters/speaker_diarization.tex.
Chapter 2.
[31






] [32

] [33




]

Package natbib Warning: There were undefined citations.

(./NavidShokouhi_dissertation.aux (./chapters/introduction.aux)
(./chapters/background.aux) (./chapters/frontend_sp.aux)
(./chapters/backend_modeling.aux) (./chapters/speaker_diarization.aux))

LaTeX Warning: There were undefined references.


LaTeX Warning: There were multiply-defined labels.

 )
(\end occurred inside a group at level 1)

### simple group (level 1) entered at line 108 ({)
### bottom level 
Here is how much of TeX's memory you used:
 7215 strings out of 493857
 106464 string characters out of 1153305
 225279 words of memory out of 3000000
 10219 multiletter control sequences out of 15000+50000
 18098 words of font info for 66 fonts, out of 3000000 for 9000
 714 hyphenation exceptions out of 8191
 38i,12n,38p,1946b,411s stack positions out of 5000i,500n,10000p,200000b,50000s
</usr/share/texmf-texlive/fonts/type1/public/amsfonts/cm/cmbx10
.pfb></usr/share/texmf-texlive/fonts/type1/public/amsfonts/cm/cmbx12.pfb></usr/
share/texmf-texlive/fonts/type1/public/amsfonts/cm/cmbxti10.pfb></usr/share/tex
mf-texlive/fonts/type1/public/amsfonts/cm/cmex10.pfb></usr/share/texmf-texlive/
fonts/type1/public/amsfonts/cm/cmmi12.pfb></usr/share/texmf-texlive/fonts/type1
/public/amsfonts/cm/cmmi8.pfb></usr/share/texmf-texlive/fonts/type1/public/amsf
onts/cm/cmmib10.pfb></usr/share/texmf-texlive/fonts/type1/public/amsfonts/cmext
ra/cmmib8.pfb></usr/share/texmf-texlive/fonts/type1/public/amsfonts/cm/cmr10.pf
b></usr/share/texmf-texlive/fonts/type1/public/amsfonts/cm/cmr12.pfb></usr/shar
e/texmf-texlive/fonts/type1/public/amsfonts/cm/cmr7.pfb></usr/share/texmf-texli
ve/fonts/type1/public/amsfonts/cm/cmr8.pfb></usr/share/texmf-texlive/fonts/type
1/public/amsfonts/cm/cmsy10.pfb></usr/share/texmf-texlive/fonts/type1/public/am
sfonts/cm/cmsy8.pfb></usr/share/texmf-texlive/fonts/type1/public/amsfonts/cm/cm
ti10.pfb></usr/share/texmf-texlive/fonts/type1/public/amsfonts/cm/cmti12.pfb></
usr/share/texmf-texlive/fonts/type1/public/amsfonts/symbols/msam10.pfb>
Output written on NavidShokouhi_dissertation.pdf (43 pages, 4927662 bytes).
PDF statistics:
 745 PDF objects out of 1000 (max. 8388607)
 100 named destinations out of 1000 (max. 500000)
 249 words of extra memory for PDF output out of 10000 (max. 10000000)

