\BOOKMARK [0][-]{section*.1}{Acknowledgments}{}
\BOOKMARK [0][-]{chapter*.2}{Preface}{}
\BOOKMARK [0][-]{section*.4}{Abstract}{}
\BOOKMARK [0][-]{section*.4}{Table of Contents}{}
\BOOKMARK [0][-]{chapter*.5}{List of Figures}{}
\BOOKMARK [0][-]{chapter*.6}{List of Tables}{}
\BOOKMARK [0][-]{chapter.1}{INTRODUCTION}{}
\BOOKMARK [1][-]{section.1.1}{INTRODUCTION}{chapter.1}
\BOOKMARK [1][-]{section.1.2}{OVERLAPPED SPEECH DETECTION}{chapter.1}
\BOOKMARK [2][-]{subsection.1.2.1}{Unsupervised overlap detection}{section.1.2}
\BOOKMARK [1][-]{section.1.3}{Experiments}{chapter.1}
\BOOKMARK [2][-]{subsection.1.3.1}{Baseline features}{section.1.3}
\BOOKMARK [2][-]{subsection.1.3.2}{Data: Monaural Speech Separation Challenge}{section.1.3}
\BOOKMARK [1][-]{section.1.4}{CASE STUDY: SPEAKER VERIFICATION IN OVERLAPPED SPEECH SIGNALS}{chapter.1}
\BOOKMARK [2][-]{subsection.1.4.1}{Overlaps in test data}{section.1.4}
\BOOKMARK [2][-]{subsection.1.4.2}{Overlaps in train data}{section.1.4}
\BOOKMARK [1][-]{section.1.5}{OVERLAP DETECTION SCORES AS META-DATA FOR SID}{chapter.1}
\BOOKMARK [1][-]{section.1.6}{CONCLUSION}{chapter.1}
\BOOKMARK [0][-]{chapter.2}{Conclusion}{}
\BOOKMARK [0][-]{chapter.2}{Sample Solo Appendix}{}
\BOOKMARK [0][-]{chapter*.10}{Vita}{}
