\BOOKMARK [0][-]{section*.1}{Acknowledgments}{}
\BOOKMARK [0][-]{chapter*.2}{Preface}{}
\BOOKMARK [0][-]{section*.4}{Abstract}{}
\BOOKMARK [0][-]{section*.4}{Table of Contents}{}
\BOOKMARK [0][-]{chapter*.5}{List of Figures}{}
\BOOKMARK [0][-]{chapter*.6}{List of Tables}{}
\BOOKMARK [0][-]{chapter.1}{Introduction}{}
\BOOKMARK [0][-]{chapter.2}{Usage Instructions}{}
\BOOKMARK [1][-]{section.2.1}{Initialization}{chapter.2}
\BOOKMARK [1][-]{section.2.2}{Loading Packages}{chapter.2}
\BOOKMARK [1][-]{section.2.3}{Dissertation Setup}{chapter.2}
\BOOKMARK [1][-]{section.2.4}{Preliminary Pages}{chapter.2}
\BOOKMARK [1][-]{section.2.5}{Chapters}{chapter.2}
\BOOKMARK [2][-]{subsection.2.5.1}{Fonts}{section.2.5}
\BOOKMARK [2][-]{subsection.2.5.2}{Chapter Titles and Sectioning}{section.2.5}
\BOOKMARK [2][-]{subsection.2.5.3}{Figures and Tables}{section.2.5}
\BOOKMARK [2][-]{subsection.2.5.4}{Block Quotations}{section.2.5}
\BOOKMARK [2][-]{subsection.2.5.5}{Line Spacing}{section.2.5}
\BOOKMARK [1][-]{section.2.6}{Appendixes}{chapter.2}
\BOOKMARK [1][-]{section.2.7}{Citations and the References Section}{chapter.2}
\BOOKMARK [1][-]{section.2.8}{Vita}{chapter.2}
\BOOKMARK [1][-]{section.2.9}{Proofing}{chapter.2}
\BOOKMARK [0][-]{chapter.3}{Conclusion}{}
\BOOKMARK [0][-]{appendix.A}{Appendix: Sample Solo Appendix}{}
\BOOKMARK [0][-]{appendix*.9}{References}{}
\BOOKMARK [0][-]{appendix*.10}{Vita}{}
